[20-Feb-2020 05:25:38 UTC] PHP Warning:  An unexpected error occurred. Something may be wrong with WordPress.org or this server&#8217;s configuration. If you continue to have problems, please try the <a href="https://wordpress.org/support/forums/">support forums</a>. (WordPress could not establish a secure connection to WordPress.org. Please contact your server administrator.) in C:\MAMP\htdocs\wordpress\wp-includes\update.php on line 388
[20-Feb-2020 05:26:08 UTC] PHP Notice:  ob_end_flush(): failed to send buffer of zlib output compression (1) in C:\MAMP\htdocs\wordpress\wp-includes\functions.php on line 4552
[20-Feb-2020 05:26:08 UTC] PHP Notice:  ob_end_flush(): failed to send buffer of zlib output compression (1) in C:\MAMP\htdocs\wordpress\wp-includes\functions.php on line 4552
[20-Feb-2020 08:49:31 UTC] PHP Notice:  ob_end_flush(): failed to send buffer of zlib output compression (1) in C:\MAMP\htdocs\wordpress\wp-includes\functions.php on line 4552
[20-Feb-2020 08:49:31 UTC] PHP Notice:  ob_end_flush(): failed to send buffer of zlib output compression (1) in C:\MAMP\htdocs\wordpress\wp-includes\functions.php on line 4552
[20-Feb-2020 08:50:23 UTC] PHP Notice:  ob_end_flush(): failed to send buffer of zlib output compression (1) in C:\MAMP\htdocs\wordpress\wp-includes\functions.php on line 4552
[20-Feb-2020 08:50:23 UTC] PHP Notice:  ob_end_flush(): failed to send buffer of zlib output compression (1) in C:\MAMP\htdocs\wordpress\wp-includes\functions.php on line 4552
[20-Feb-2020 08:50:55 UTC] PHP Notice:  ob_end_flush(): failed to send buffer of zlib output compression (1) in C:\MAMP\htdocs\wordpress\wp-includes\functions.php on line 4552
[20-Feb-2020 08:50:55 UTC] PHP Notice:  ob_end_flush(): failed to send buffer of zlib output compression (1) in C:\MAMP\htdocs\wordpress\wp-includes\functions.php on line 4552
[20-Feb-2020 08:51:19 UTC] PHP Notice:  ob_end_flush(): failed to send buffer of zlib output compression (1) in C:\MAMP\htdocs\wordpress\wp-includes\functions.php on line 4552
[20-Feb-2020 08:51:19 UTC] PHP Notice:  ob_end_flush(): failed to send buffer of zlib output compression (1) in C:\MAMP\htdocs\wordpress\wp-includes\functions.php on line 4552
[20-Feb-2020 08:51:39 UTC] PHP Warning:  An unexpected error occurred. Something may be wrong with WordPress.org or this server&#8217;s configuration. If you continue to have problems, please try the <a href="https://wordpress.org/support/forums/">support forums</a>. (WordPress could not establish a secure connection to WordPress.org. Please contact your server administrator.) in C:\MAMP\htdocs\wordpress\wp-includes\update.php on line 388
[20-Feb-2020 08:51:58 UTC] PHP Warning:  chmod(): No such file or directory in C:\MAMP\htdocs\wordpress\wp-admin\includes\class-wp-filesystem-direct.php on line 168
[20-Feb-2020 08:51:58 UTC] PHP Warning:  dir(C:/MAMP/htdocs/wordpress/wp-content/upgrade/jetpack.8.2.1-WEfsuZ/jetpack/vendor/automattic/jetpack-assets/src/,C:/MAMP/htdocs/wordpress/wp-content/upgrade/jetpack.8.2.1-WEfsuZ/jetpack/vendor/automattic/jetpack-assets/src/): The system cannot find the path specified. (code: 3) in C:\MAMP\htdocs\wordpress\wp-admin\includes\class-wp-filesystem-direct.php on line 571
[20-Feb-2020 08:51:59 UTC] PHP Warning:  dir(C:/MAMP/htdocs/wordpress/wp-content/upgrade/jetpack.8.2.1-WEfsuZ/jetpack/vendor/automattic/jetpack-assets/src/): failed to open dir: No such file or directory in C:\MAMP\htdocs\wordpress\wp-admin\includes\class-wp-filesystem-direct.php on line 571
[20-Feb-2020 08:51:59 UTC] PHP Warning:  dir(C:/MAMP/htdocs/wordpress/wp-content/upgrade/jetpack.8.2.1-WEfsuZ/jetpack/vendor/automattic/jetpack-error/src/,C:/MAMP/htdocs/wordpress/wp-content/upgrade/jetpack.8.2.1-WEfsuZ/jetpack/vendor/automattic/jetpack-error/src/): The system cannot find the path specified. (code: 3) in C:\MAMP\htdocs\wordpress\wp-admin\includes\class-wp-filesystem-direct.php on line 571
[20-Feb-2020 08:51:59 UTC] PHP Warning:  dir(C:/MAMP/htdocs/wordpress/wp-content/upgrade/jetpack.8.2.1-WEfsuZ/jetpack/vendor/automattic/jetpack-error/src/): failed to open dir: No such file or directory in C:\MAMP\htdocs\wordpress\wp-admin\includes\class-wp-filesystem-direct.php on line 571
[20-Feb-2020 08:51:59 UTC] PHP Warning:  dir(C:/MAMP/htdocs/wordpress/wp-content/upgrade/jetpack.8.2.1-WEfsuZ/jetpack/vendor/automattic/jetpack-logo/src/,C:/MAMP/htdocs/wordpress/wp-content/upgrade/jetpack.8.2.1-WEfsuZ/jetpack/vendor/automattic/jetpack-logo/src/): The system cannot find the path specified. (code: 3) in C:\MAMP\htdocs\wordpress\wp-admin\includes\class-wp-filesystem-direct.php on line 571
[20-Feb-2020 08:51:59 UTC] PHP Warning:  dir(C:/MAMP/htdocs/wordpress/wp-content/upgrade/jetpack.8.2.1-WEfsuZ/jetpack/vendor/automattic/jetpack-logo/src/): failed to open dir: No such file or directory in C:\MAMP\htdocs\wordpress\wp-admin\includes\class-wp-filesystem-direct.php on line 571
[20-Feb-2020 08:51:59 UTC] PHP Warning:  dir(C:/MAMP/htdocs/wordpress/wp-content/upgrade/jetpack.8.2.1-WEfsuZ/jetpack/_inc/build/widgets/search/js/,C:/MAMP/htdocs/wordpress/wp-content/upgrade/jetpack.8.2.1-WEfsuZ/jetpack/_inc/build/widgets/search/js/): The system cannot find the path specified. (code: 3) in C:\MAMP\htdocs\wordpress\wp-admin\includes\class-wp-filesystem-direct.php on line 571
[20-Feb-2020 08:51:59 UTC] PHP Warning:  dir(C:/MAMP/htdocs/wordpress/wp-content/upgrade/jetpack.8.2.1-WEfsuZ/jetpack/_inc/build/widgets/search/js/): failed to open dir: No such file or directory in C:\MAMP\htdocs\wordpress\wp-admin\includes\class-wp-filesystem-direct.php on line 571
[20-Feb-2020 08:52:05 UTC] PHP Notice:  ob_end_flush(): failed to send buffer of zlib output compression (1) in C:\MAMP\htdocs\wordpress\wp-includes\functions.php on line 4552
[20-Feb-2020 08:52:05 UTC] PHP Notice:  ob_end_flush(): failed to send buffer of zlib output compression (1) in C:\MAMP\htdocs\wordpress\wp-includes\functions.php on line 4552
[20-Feb-2020 08:52:14 UTC] PHP Notice:  ob_end_flush(): failed to send buffer of zlib output compression (1) in C:\MAMP\htdocs\wordpress\wp-includes\functions.php on line 4552
[20-Feb-2020 08:52:14 UTC] PHP Notice:  ob_end_flush(): failed to send buffer of zlib output compression (1) in C:\MAMP\htdocs\wordpress\wp-includes\functions.php on line 4552
[20-Feb-2020 08:53:04 UTC] PHP Notice:  ob_end_flush(): failed to send buffer of zlib output compression (1) in C:\MAMP\htdocs\wordpress\wp-includes\functions.php on line 4552
[20-Feb-2020 08:53:04 UTC] PHP Notice:  ob_end_flush(): failed to send buffer of zlib output compression (1) in C:\MAMP\htdocs\wordpress\wp-includes\functions.php on line 4552
[20-Feb-2020 08:56:29 UTC] PHP Notice:  ob_end_flush(): failed to send buffer of zlib output compression (1) in C:\MAMP\htdocs\wordpress\wp-includes\functions.php on line 4552
[20-Feb-2020 08:56:29 UTC] PHP Notice:  ob_end_flush(): failed to send buffer of zlib output compression (1) in C:\MAMP\htdocs\wordpress\wp-includes\functions.php on line 4552
[20-Feb-2020 08:56:43 UTC] PHP Notice:  ob_end_flush(): failed to send buffer of zlib output compression (1) in C:\MAMP\htdocs\wordpress\wp-includes\functions.php on line 4552
[20-Feb-2020 08:56:43 UTC] PHP Notice:  ob_end_flush(): failed to send buffer of zlib output compression (1) in C:\MAMP\htdocs\wordpress\wp-includes\functions.php on line 4552
[20-Feb-2020 08:57:17 UTC] PHP Notice:  ob_end_flush(): failed to send buffer of zlib output compression (1) in C:\MAMP\htdocs\wordpress\wp-includes\functions.php on line 4552
[20-Feb-2020 08:57:17 UTC] PHP Notice:  ob_end_flush(): failed to send buffer of zlib output compression (1) in C:\MAMP\htdocs\wordpress\wp-includes\functions.php on line 4552
[20-Feb-2020 08:57:34 UTC] PHP Notice:  ob_end_flush(): failed to send buffer of zlib output compression (1) in C:\MAMP\htdocs\wordpress\wp-includes\functions.php on line 4552
[20-Feb-2020 08:57:34 UTC] PHP Notice:  ob_end_flush(): failed to send buffer of zlib output compression (1) in C:\MAMP\htdocs\wordpress\wp-includes\functions.php on line 4552
[20-Feb-2020 08:57:46 UTC] PHP Notice:  ob_end_flush(): failed to send buffer of zlib output compression (1) in C:\MAMP\htdocs\wordpress\wp-includes\functions.php on line 4552
[20-Feb-2020 08:57:46 UTC] PHP Notice:  ob_end_flush(): failed to send buffer of zlib output compression (1) in C:\MAMP\htdocs\wordpress\wp-includes\functions.php on line 4552
[20-Feb-2020 08:57:52 UTC] PHP Notice:  ob_end_flush(): failed to send buffer of zlib output compression (1) in C:\MAMP\htdocs\wordpress\wp-includes\functions.php on line 4552
[20-Feb-2020 08:57:52 UTC] PHP Notice:  ob_end_flush(): failed to send buffer of zlib output compression (1) in C:\MAMP\htdocs\wordpress\wp-includes\functions.php on line 4552
[20-Feb-2020 08:57:57 UTC] PHP Notice:  ob_end_flush(): failed to send buffer of zlib output compression (1) in C:\MAMP\htdocs\wordpress\wp-includes\functions.php on line 4552
[20-Feb-2020 08:57:57 UTC] PHP Notice:  ob_end_flush(): failed to send buffer of zlib output compression (1) in C:\MAMP\htdocs\wordpress\wp-includes\functions.php on line 4552
[20-Feb-2020 08:58:04 UTC] PHP Notice:  ob_end_flush(): failed to send buffer of zlib output compression (1) in C:\MAMP\htdocs\wordpress\wp-includes\functions.php on line 4552
[20-Feb-2020 08:58:04 UTC] PHP Notice:  ob_end_flush(): failed to send buffer of zlib output compression (1) in C:\MAMP\htdocs\wordpress\wp-includes\functions.php on line 4552
[20-Feb-2020 08:58:18 UTC] PHP Notice:  ob_end_flush(): failed to send buffer of zlib output compression (1) in C:\MAMP\htdocs\wordpress\wp-includes\functions.php on line 4552
[20-Feb-2020 08:58:18 UTC] PHP Notice:  ob_end_flush(): failed to send buffer of zlib output compression (1) in C:\MAMP\htdocs\wordpress\wp-includes\functions.php on line 4552
[20-Feb-2020 09:00:38 UTC] PHP Notice:  ob_end_flush(): failed to send buffer of zlib output compression (1) in C:\MAMP\htdocs\wordpress\wp-includes\functions.php on line 4552
[20-Feb-2020 09:00:38 UTC] PHP Notice:  ob_end_flush(): failed to send buffer of zlib output compression (1) in C:\MAMP\htdocs\wordpress\wp-includes\functions.php on line 4552
[20-Feb-2020 09:02:33 UTC] PHP Notice:  ob_end_flush(): failed to send buffer of zlib output compression (1) in C:\MAMP\htdocs\wordpress\wp-includes\functions.php on line 4552
[20-Feb-2020 09:02:33 UTC] PHP Notice:  ob_end_flush(): failed to send buffer of zlib output compression (1) in C:\MAMP\htdocs\wordpress\wp-includes\functions.php on line 4552
[20-Feb-2020 09:02:58 UTC] PHP Notice:  ob_end_flush(): failed to send buffer of zlib output compression (1) in C:\MAMP\htdocs\wordpress\wp-includes\functions.php on line 4552
[20-Feb-2020 09:02:58 UTC] PHP Notice:  ob_end_flush(): failed to send buffer of zlib output compression (1) in C:\MAMP\htdocs\wordpress\wp-includes\functions.php on line 4552
[20-Feb-2020 09:03:03 UTC] PHP Notice:  ob_end_flush(): failed to send buffer of zlib output compression (1) in C:\MAMP\htdocs\wordpress\wp-includes\functions.php on line 4552
[20-Feb-2020 09:03:03 UTC] PHP Notice:  ob_end_flush(): failed to send buffer of zlib output compression (1) in C:\MAMP\htdocs\wordpress\wp-includes\functions.php on line 4552
[20-Feb-2020 09:04:29 UTC] PHP Notice:  ob_end_flush(): failed to send buffer of zlib output compression (1) in C:\MAMP\htdocs\wordpress\wp-includes\functions.php on line 4552
[20-Feb-2020 09:04:29 UTC] PHP Notice:  ob_end_flush(): failed to send buffer of zlib output compression (1) in C:\MAMP\htdocs\wordpress\wp-includes\functions.php on line 4552
[20-Feb-2020 09:04:36 UTC] PHP Notice:  ob_end_flush(): failed to send buffer of zlib output compression (1) in C:\MAMP\htdocs\wordpress\wp-includes\functions.php on line 4552
[20-Feb-2020 09:04:36 UTC] PHP Notice:  ob_end_flush(): failed to send buffer of zlib output compression (1) in C:\MAMP\htdocs\wordpress\wp-includes\functions.php on line 4552
[20-Feb-2020 09:04:39 UTC] PHP Notice:  ob_end_flush(): failed to send buffer of zlib output compression (1) in C:\MAMP\htdocs\wordpress\wp-includes\functions.php on line 4552
[20-Feb-2020 09:04:39 UTC] PHP Notice:  ob_end_flush(): failed to send buffer of zlib output compression (1) in C:\MAMP\htdocs\wordpress\wp-includes\functions.php on line 4552
[20-Feb-2020 09:04:44 UTC] PHP Notice:  ob_end_flush(): failed to send buffer of zlib output compression (1) in C:\MAMP\htdocs\wordpress\wp-includes\functions.php on line 4552
[20-Feb-2020 09:04:44 UTC] PHP Notice:  ob_end_flush(): failed to send buffer of zlib output compression (1) in C:\MAMP\htdocs\wordpress\wp-includes\functions.php on line 4552
[20-Feb-2020 09:04:47 UTC] PHP Notice:  ob_end_flush(): failed to send buffer of zlib output compression (1) in C:\MAMP\htdocs\wordpress\wp-includes\functions.php on line 4552
[20-Feb-2020 09:04:47 UTC] PHP Notice:  ob_end_flush(): failed to send buffer of zlib output compression (1) in C:\MAMP\htdocs\wordpress\wp-includes\functions.php on line 4552
[20-Feb-2020 09:04:48 UTC] PHP Notice:  ob_end_flush(): failed to send buffer of zlib output compression (1) in C:\MAMP\htdocs\wordpress\wp-includes\functions.php on line 4552
[20-Feb-2020 09:04:48 UTC] PHP Notice:  ob_end_flush(): failed to send buffer of zlib output compression (1) in C:\MAMP\htdocs\wordpress\wp-includes\functions.php on line 4552
[20-Feb-2020 09:05:15 UTC] PHP Notice:  ob_end_flush(): failed to send buffer of zlib output compression (1) in C:\MAMP\htdocs\wordpress\wp-includes\functions.php on line 4552
[20-Feb-2020 09:05:15 UTC] PHP Notice:  ob_end_flush(): failed to send buffer of zlib output compression (1) in C:\MAMP\htdocs\wordpress\wp-includes\functions.php on line 4552
[20-Feb-2020 09:05:21 UTC] PHP Notice:  ob_end_flush(): failed to send buffer of zlib output compression (1) in C:\MAMP\htdocs\wordpress\wp-includes\functions.php on line 4552
[20-Feb-2020 09:05:21 UTC] PHP Notice:  ob_end_flush(): failed to send buffer of zlib output compression (1) in C:\MAMP\htdocs\wordpress\wp-includes\functions.php on line 4552
[20-Feb-2020 09:10:47 UTC] PHP Notice:  ob_end_flush(): failed to send buffer of zlib output compression (1) in C:\MAMP\htdocs\wordpress\wp-includes\functions.php on line 4552
[20-Feb-2020 09:10:47 UTC] PHP Notice:  ob_end_flush(): failed to send buffer of zlib output compression (1) in C:\MAMP\htdocs\wordpress\wp-includes\functions.php on line 4552
[20-Feb-2020 09:10:58 UTC] PHP Notice:  ob_end_flush(): failed to send buffer of zlib output compression (1) in C:\MAMP\htdocs\wordpress\wp-includes\functions.php on line 4552
[20-Feb-2020 09:10:58 UTC] PHP Notice:  ob_end_flush(): failed to send buffer of zlib output compression (1) in C:\MAMP\htdocs\wordpress\wp-includes\functions.php on line 4552
[20-Feb-2020 09:11:18 UTC] PHP Notice:  ob_end_flush(): failed to send buffer of zlib output compression (1) in C:\MAMP\htdocs\wordpress\wp-includes\functions.php on line 4552
[20-Feb-2020 09:11:18 UTC] PHP Notice:  ob_end_flush(): failed to send buffer of zlib output compression (1) in C:\MAMP\htdocs\wordpress\wp-includes\functions.php on line 4552
[20-Feb-2020 09:11:51 UTC] PHP Notice:  ob_end_flush(): failed to send buffer of zlib output compression (1) in C:\MAMP\htdocs\wordpress\wp-includes\functions.php on line 4552
[20-Feb-2020 09:11:51 UTC] PHP Notice:  ob_end_flush(): failed to send buffer of zlib output compression (1) in C:\MAMP\htdocs\wordpress\wp-includes\functions.php on line 4552
[20-Feb-2020 09:11:52 UTC] PHP Notice:  ob_end_flush(): failed to send buffer of zlib output compression (1) in C:\MAMP\htdocs\wordpress\wp-includes\functions.php on line 4552
[20-Feb-2020 09:11:52 UTC] PHP Notice:  ob_end_flush(): failed to send buffer of zlib output compression (1) in C:\MAMP\htdocs\wordpress\wp-includes\functions.php on line 4552
[20-Feb-2020 09:12:01 UTC] PHP Notice:  ob_end_flush(): failed to send buffer of zlib output compression (1) in C:\MAMP\htdocs\wordpress\wp-includes\functions.php on line 4552
[20-Feb-2020 09:12:01 UTC] PHP Notice:  ob_end_flush(): failed to send buffer of zlib output compression (1) in C:\MAMP\htdocs\wordpress\wp-includes\functions.php on line 4552
[20-Feb-2020 09:13:53 UTC] PHP Notice:  ob_end_flush(): failed to send buffer of zlib output compression (1) in C:\MAMP\htdocs\wordpress\wp-includes\functions.php on line 4552
[20-Feb-2020 09:13:53 UTC] PHP Notice:  ob_end_flush(): failed to send buffer of zlib output compression (1) in C:\MAMP\htdocs\wordpress\wp-includes\functions.php on line 4552
[20-Feb-2020 09:13:56 UTC] PHP Notice:  ob_end_flush(): failed to send buffer of zlib output compression (1) in C:\MAMP\htdocs\wordpress\wp-includes\functions.php on line 4552
[20-Feb-2020 09:13:56 UTC] PHP Notice:  ob_end_flush(): failed to send buffer of zlib output compression (1) in C:\MAMP\htdocs\wordpress\wp-includes\functions.php on line 4552
[20-Feb-2020 16:02:58 UTC] PHP Notice:  ob_end_flush(): failed to send buffer of zlib output compression (1) in C:\MAMP\htdocs\wordpress\wp-includes\functions.php on line 4552
[20-Feb-2020 16:02:58 UTC] PHP Notice:  ob_end_flush(): failed to send buffer of zlib output compression (1) in C:\MAMP\htdocs\wordpress\wp-includes\functions.php on line 4552
[20-Feb-2020 16:04:11 UTC] PHP Notice:  ob_end_flush(): failed to send buffer of zlib output compression (1) in C:\MAMP\htdocs\wordpress\wp-includes\functions.php on line 4552
[20-Feb-2020 16:04:11 UTC] PHP Notice:  ob_end_flush(): failed to send buffer of zlib output compression (1) in C:\MAMP\htdocs\wordpress\wp-includes\functions.php on line 4552
[20-Feb-2020 16:04:18 UTC] PHP Notice:  ob_end_flush(): failed to send buffer of zlib output compression (1) in C:\MAMP\htdocs\wordpress\wp-includes\functions.php on line 4552
[20-Feb-2020 16:04:18 UTC] PHP Notice:  ob_end_flush(): failed to send buffer of zlib output compression (1) in C:\MAMP\htdocs\wordpress\wp-includes\functions.php on line 4552
